<?xml version="1.0" encoding="UTF-8"?>
<testng-results ignored="0" total="1" passed="1" failed="0" skipped="0">
  <reporter-output>
  </reporter-output>
  <suite started-at="2025-09-18T16:25:54 IST" name="Default suite" finished-at="2025-09-18T16:26:52 IST" duration-ms="58288">
    <groups>
    </groups>
    <test started-at="2025-09-18T16:25:54 IST" name="Default test" finished-at="2025-09-18T16:26:52 IST" duration-ms="58288">
      <class name="challenges.Spotify">
        <test-method signature="playTopSongTest()[pri:0, instance:challenges.Spotify@193f604a]" started-at="2025-09-18T16:25:54 IST" name="playTopSongTest" finished-at="2025-09-18T16:26:52 IST" duration-ms="58242" status="PASS">
          <reporter-output>
          </reporter-output>
        </test-method> <!-- playTopSongTest -->
      </class> <!-- challenges.Spotify -->
    </test> <!-- Default test -->
  </suite> <!-- Default suite -->
</testng-results>
